running egg_info
creating ../../build/webcam_publisher/webcam_publisher.egg-info
writing ../../build/webcam_publisher/webcam_publisher.egg-info/PKG-INFO
writing dependency_links to ../../build/webcam_publisher/webcam_publisher.egg-info/dependency_links.txt
writing entry points to ../../build/webcam_publisher/webcam_publisher.egg-info/entry_points.txt
writing requirements to ../../build/webcam_publisher/webcam_publisher.egg-info/requires.txt
writing top-level names to ../../build/webcam_publisher/webcam_publisher.egg-info/top_level.txt
writing manifest file '../../build/webcam_publisher/webcam_publisher.egg-info/SOURCES.txt'
reading manifest file '../../build/webcam_publisher/webcam_publisher.egg-info/SOURCES.txt'
writing manifest file '../../build/webcam_publisher/webcam_publisher.egg-info/SOURCES.txt'
running build
running build_py
creating /home/vishwas/ros2_ws/build/webcam_publisher/build
creating /home/vishwas/ros2_ws/build/webcam_publisher/build/lib
creating /home/vishwas/ros2_ws/build/webcam_publisher/build/lib/webcam_publisher
copying webcam_publisher/publisher_node.py -> /home/vishwas/ros2_ws/build/webcam_publisher/build/lib/webcam_publisher
copying webcam_publisher/__init__.py -> /home/vishwas/ros2_ws/build/webcam_publisher/build/lib/webcam_publisher
running install
running install_lib
creating /home/vishwas/ros2_ws/install/webcam_publisher/lib/python3.10/site-packages/webcam_publisher
copying /home/vishwas/ros2_ws/build/webcam_publisher/build/lib/webcam_publisher/publisher_node.py -> /home/vishwas/ros2_ws/install/webcam_publisher/lib/python3.10/site-packages/webcam_publisher
copying /home/vishwas/ros2_ws/build/webcam_publisher/build/lib/webcam_publisher/__init__.py -> /home/vishwas/ros2_ws/install/webcam_publisher/lib/python3.10/site-packages/webcam_publisher
byte-compiling /home/vishwas/ros2_ws/install/webcam_publisher/lib/python3.10/site-packages/webcam_publisher/publisher_node.py to publisher_node.cpython-310.pyc
byte-compiling /home/vishwas/ros2_ws/install/webcam_publisher/lib/python3.10/site-packages/webcam_publisher/__init__.py to __init__.cpython-310.pyc
running install_data
creating /home/vishwas/ros2_ws/install/webcam_publisher/share/ament_index
creating /home/vishwas/ros2_ws/install/webcam_publisher/share/ament_index/resource_index
creating /home/vishwas/ros2_ws/install/webcam_publisher/share/ament_index/resource_index/packages
copying resource/webcam_publisher -> /home/vishwas/ros2_ws/install/webcam_publisher/share/ament_index/resource_index/packages
copying package.xml -> /home/vishwas/ros2_ws/install/webcam_publisher/share/webcam_publisher
running install_egg_info
Copying ../../build/webcam_publisher/webcam_publisher.egg-info to /home/vishwas/ros2_ws/install/webcam_publisher/lib/python3.10/site-packages/webcam_publisher-0.0.0-py3.10.egg-info
running install_scripts
writing list of installed files to '/home/vishwas/ros2_ws/build/webcam_publisher/install.log'
