[0.060s] DEBUG:colcon:Command line arguments: ['/usr/bin/colcon', 'build']
[0.060s] DEBUG:colcon:Parsed command line arguments: Namespace(log_base=None, log_level=None, verb_name='build', build_base='build', install_base='install', merge_install=False, symlink_install=False, test_result_base=None, continue_on_error=False, executor='parallel', parallel_workers=24, event_handlers=None, ignore_user_meta=False, metas=['./colcon.meta'], base_paths=['.'], packages_ignore=None, packages_ignore_regex=None, paths=None, packages_up_to=None, packages_up_to_regex=None, packages_above=None, packages_above_and_dependencies=None, packages_above_depth=None, packages_select_by_dep=None, packages_skip_by_dep=None, packages_skip_up_to=None, packages_select_build_failed=False, packages_skip_build_finished=False, packages_select_test_failures=False, packages_skip_test_passed=False, packages_select=None, packages_skip=None, packages_select_regex=None, packages_skip_regex=None, packages_start=None, packages_end=None, allow_overriding=[], cmake_args=None, cmake_target=None, cmake_target_skip_unavailable=False, cmake_clean_cache=False, cmake_clean_first=False, cmake_force_configure=False, ament_cmake_args=None, catkin_cmake_args=None, catkin_skip_building_tests=False, verb_parser=<colcon_defaults.argument_parser.defaults.DefaultArgumentsDecorator object at 0x76fdc89aabf0>, verb_extension=<colcon_core.verb.build.BuildVerb object at 0x76fdc8b9f7c0>, main=<bound method BuildVerb.main of <colcon_core.verb.build.BuildVerb object at 0x76fdc8b9f7c0>>)
[0.146s] Level 1:colcon.colcon_core.package_discovery:discover_packages(colcon_meta) check parameters
[0.146s] Level 1:colcon.colcon_core.package_discovery:discover_packages(recursive) check parameters
[0.146s] Level 1:colcon.colcon_core.package_discovery:discover_packages(ignore) check parameters
[0.146s] Level 1:colcon.colcon_core.package_discovery:discover_packages(path) check parameters
[0.146s] Level 1:colcon.colcon_core.package_discovery:discover_packages(colcon_meta) discover
[0.146s] Level 1:colcon.colcon_core.package_discovery:discover_packages(recursive) discover
[0.146s] INFO:colcon.colcon_core.package_discovery:Crawling recursively for packages in '/home/vishwas/ros2_ws'
[0.146s] Level 1:colcon.colcon_core.package_identification:_identify(.) by extensions ['ignore', 'ignore_ament_install']
[0.146s] Level 1:colcon.colcon_core.package_identification:_identify(.) by extension 'ignore'
[0.146s] Level 1:colcon.colcon_core.package_identification:_identify(.) by extension 'ignore_ament_install'
[0.146s] Level 1:colcon.colcon_core.package_identification:_identify(.) by extensions ['colcon_pkg']
[0.146s] Level 1:colcon.colcon_core.package_identification:_identify(.) by extension 'colcon_pkg'
[0.146s] Level 1:colcon.colcon_core.package_identification:_identify(.) by extensions ['colcon_meta']
[0.146s] Level 1:colcon.colcon_core.package_identification:_identify(.) by extension 'colcon_meta'
[0.146s] Level 1:colcon.colcon_core.package_identification:_identify(.) by extensions ['ros']
[0.146s] Level 1:colcon.colcon_core.package_identification:_identify(.) by extension 'ros'
[0.153s] Level 1:colcon.colcon_core.package_identification:_identify(.) by extensions ['cmake', 'python']
[0.154s] Level 1:colcon.colcon_core.package_identification:_identify(.) by extension 'cmake'
[0.154s] Level 1:colcon.colcon_core.package_identification:_identify(.) by extension 'python'
[0.154s] Level 1:colcon.colcon_core.package_identification:_identify(.) by extensions ['python_setup_py']
[0.154s] Level 1:colcon.colcon_core.package_identification:_identify(.) by extension 'python_setup_py'
[0.154s] Level 1:colcon.colcon_core.package_identification:_identify(build) by extensions ['ignore', 'ignore_ament_install']
[0.154s] Level 1:colcon.colcon_core.package_identification:_identify(build) by extension 'ignore'
[0.154s] Level 1:colcon.colcon_core.package_identification:_identify(build) ignored
[0.154s] Level 1:colcon.colcon_core.package_identification:_identify(install) by extensions ['ignore', 'ignore_ament_install']
[0.154s] Level 1:colcon.colcon_core.package_identification:_identify(install) by extension 'ignore'
[0.154s] Level 1:colcon.colcon_core.package_identification:_identify(install) ignored
[0.154s] Level 1:colcon.colcon_core.package_identification:_identify(log) by extensions ['ignore', 'ignore_ament_install']
[0.154s] Level 1:colcon.colcon_core.package_identification:_identify(log) by extension 'ignore'
[0.154s] Level 1:colcon.colcon_core.package_identification:_identify(log) ignored
[0.154s] Level 1:colcon.colcon_core.package_identification:_identify(src) by extensions ['ignore', 'ignore_ament_install']
[0.154s] Level 1:colcon.colcon_core.package_identification:_identify(src) by extension 'ignore'
[0.154s] Level 1:colcon.colcon_core.package_identification:_identify(src) by extension 'ignore_ament_install'
[0.154s] Level 1:colcon.colcon_core.package_identification:_identify(src) by extensions ['colcon_pkg']
[0.154s] Level 1:colcon.colcon_core.package_identification:_identify(src) by extension 'colcon_pkg'
[0.154s] Level 1:colcon.colcon_core.package_identification:_identify(src) by extensions ['colcon_meta']
[0.154s] Level 1:colcon.colcon_core.package_identification:_identify(src) by extension 'colcon_meta'
[0.154s] Level 1:colcon.colcon_core.package_identification:_identify(src) by extensions ['ros']
[0.154s] Level 1:colcon.colcon_core.package_identification:_identify(src) by extension 'ros'
[0.154s] Level 1:colcon.colcon_core.package_identification:_identify(src) by extensions ['cmake', 'python']
[0.154s] Level 1:colcon.colcon_core.package_identification:_identify(src) by extension 'cmake'
[0.154s] Level 1:colcon.colcon_core.package_identification:_identify(src) by extension 'python'
[0.154s] Level 1:colcon.colcon_core.package_identification:_identify(src) by extensions ['python_setup_py']
[0.154s] Level 1:colcon.colcon_core.package_identification:_identify(src) by extension 'python_setup_py'
[0.154s] Level 1:colcon.colcon_core.package_identification:_identify(src/webcam_publisher) by extensions ['ignore', 'ignore_ament_install']
[0.154s] Level 1:colcon.colcon_core.package_identification:_identify(src/webcam_publisher) by extension 'ignore'
[0.154s] Level 1:colcon.colcon_core.package_identification:_identify(src/webcam_publisher) by extension 'ignore_ament_install'
[0.154s] Level 1:colcon.colcon_core.package_identification:_identify(src/webcam_publisher) by extensions ['colcon_pkg']
[0.155s] Level 1:colcon.colcon_core.package_identification:_identify(src/webcam_publisher) by extension 'colcon_pkg'
[0.155s] Level 1:colcon.colcon_core.package_identification:_identify(src/webcam_publisher) by extensions ['colcon_meta']
[0.155s] Level 1:colcon.colcon_core.package_identification:_identify(src/webcam_publisher) by extension 'colcon_meta'
[0.155s] Level 1:colcon.colcon_core.package_identification:_identify(src/webcam_publisher) by extensions ['ros']
[0.155s] Level 1:colcon.colcon_core.package_identification:_identify(src/webcam_publisher) by extension 'ros'
[0.156s] DEBUG:colcon.colcon_core.package_identification:Package 'src/webcam_publisher' with type 'ros.ament_python' and name 'webcam_publisher'
[0.156s] Level 1:colcon.colcon_core.package_identification:_identify(src/yolo_subscriber) by extensions ['ignore', 'ignore_ament_install']
[0.156s] Level 1:colcon.colcon_core.package_identification:_identify(src/yolo_subscriber) by extension 'ignore'
[0.156s] Level 1:colcon.colcon_core.package_identification:_identify(src/yolo_subscriber) by extension 'ignore_ament_install'
[0.156s] Level 1:colcon.colcon_core.package_identification:_identify(src/yolo_subscriber) by extensions ['colcon_pkg']
[0.156s] Level 1:colcon.colcon_core.package_identification:_identify(src/yolo_subscriber) by extension 'colcon_pkg'
[0.156s] Level 1:colcon.colcon_core.package_identification:_identify(src/yolo_subscriber) by extensions ['colcon_meta']
[0.156s] Level 1:colcon.colcon_core.package_identification:_identify(src/yolo_subscriber) by extension 'colcon_meta'
[0.156s] Level 1:colcon.colcon_core.package_identification:_identify(src/yolo_subscriber) by extensions ['ros']
[0.156s] Level 1:colcon.colcon_core.package_identification:_identify(src/yolo_subscriber) by extension 'ros'
[0.157s] DEBUG:colcon.colcon_core.package_identification:Package 'src/yolo_subscriber' with type 'ros.ament_python' and name 'yolo_subscriber'
[0.157s] Level 1:colcon.colcon_core.package_discovery:discover_packages(recursive) using defaults
[0.157s] Level 1:colcon.colcon_core.package_discovery:discover_packages(ignore) discover
[0.157s] Level 1:colcon.colcon_core.package_discovery:discover_packages(ignore) using defaults
[0.157s] Level 1:colcon.colcon_core.package_discovery:discover_packages(path) discover
[0.157s] Level 1:colcon.colcon_core.package_discovery:discover_packages(path) using defaults
[0.169s] Level 1:colcon.colcon_core.package_discovery:discover_packages(prefix_path) check parameters
[0.169s] Level 1:colcon.colcon_core.package_discovery:discover_packages(prefix_path) discover
[0.170s] DEBUG:colcon.colcon_installed_package_information.package_discovery:Found 2 installed packages in /home/vishwas/ros2_ws/install
[0.171s] DEBUG:colcon.colcon_installed_package_information.package_discovery:Found 272 installed packages in /opt/ros/humble
[0.172s] Level 1:colcon.colcon_core.package_discovery:discover_packages(prefix_path) using defaults
[0.198s] Level 5:colcon.colcon_core.verb:set package 'webcam_publisher' build argument 'cmake_args' from command line to 'None'
[0.198s] Level 5:colcon.colcon_core.verb:set package 'webcam_publisher' build argument 'cmake_target' from command line to 'None'
[0.198s] Level 5:colcon.colcon_core.verb:set package 'webcam_publisher' build argument 'cmake_target_skip_unavailable' from command line to 'False'
[0.198s] Level 5:colcon.colcon_core.verb:set package 'webcam_publisher' build argument 'cmake_clean_cache' from command line to 'False'
[0.198s] Level 5:colcon.colcon_core.verb:set package 'webcam_publisher' build argument 'cmake_clean_first' from command line to 'False'
[0.198s] Level 5:colcon.colcon_core.verb:set package 'webcam_publisher' build argument 'cmake_force_configure' from command line to 'False'
[0.198s] Level 5:colcon.colcon_core.verb:set package 'webcam_publisher' build argument 'ament_cmake_args' from command line to 'None'
[0.198s] Level 5:colcon.colcon_core.verb:set package 'webcam_publisher' build argument 'catkin_cmake_args' from command line to 'None'
[0.198s] Level 5:colcon.colcon_core.verb:set package 'webcam_publisher' build argument 'catkin_skip_building_tests' from command line to 'False'
[0.198s] DEBUG:colcon.colcon_core.verb:Building package 'webcam_publisher' with the following arguments: {'ament_cmake_args': None, 'build_base': '/home/vishwas/ros2_ws/build/webcam_publisher', 'catkin_cmake_args': None, 'catkin_skip_building_tests': False, 'cmake_args': None, 'cmake_clean_cache': False, 'cmake_clean_first': False, 'cmake_force_configure': False, 'cmake_target': None, 'cmake_target_skip_unavailable': False, 'install_base': '/home/vishwas/ros2_ws/install/webcam_publisher', 'merge_install': False, 'path': '/home/vishwas/ros2_ws/src/webcam_publisher', 'symlink_install': False, 'test_result_base': None}
[0.199s] Level 5:colcon.colcon_core.verb:set package 'yolo_subscriber' build argument 'cmake_args' from command line to 'None'
[0.199s] Level 5:colcon.colcon_core.verb:set package 'yolo_subscriber' build argument 'cmake_target' from command line to 'None'
[0.199s] Level 5:colcon.colcon_core.verb:set package 'yolo_subscriber' build argument 'cmake_target_skip_unavailable' from command line to 'False'
[0.199s] Level 5:colcon.colcon_core.verb:set package 'yolo_subscriber' build argument 'cmake_clean_cache' from command line to 'False'
[0.199s] Level 5:colcon.colcon_core.verb:set package 'yolo_subscriber' build argument 'cmake_clean_first' from command line to 'False'
[0.199s] Level 5:colcon.colcon_core.verb:set package 'yolo_subscriber' build argument 'cmake_force_configure' from command line to 'False'
[0.199s] Level 5:colcon.colcon_core.verb:set package 'yolo_subscriber' build argument 'ament_cmake_args' from command line to 'None'
[0.199s] Level 5:colcon.colcon_core.verb:set package 'yolo_subscriber' build argument 'catkin_cmake_args' from command line to 'None'
[0.199s] Level 5:colcon.colcon_core.verb:set package 'yolo_subscriber' build argument 'catkin_skip_building_tests' from command line to 'False'
[0.199s] DEBUG:colcon.colcon_core.verb:Building package 'yolo_subscriber' with the following arguments: {'ament_cmake_args': None, 'build_base': '/home/vishwas/ros2_ws/build/yolo_subscriber', 'catkin_cmake_args': None, 'catkin_skip_building_tests': False, 'cmake_args': None, 'cmake_clean_cache': False, 'cmake_clean_first': False, 'cmake_force_configure': False, 'cmake_target': None, 'cmake_target_skip_unavailable': False, 'install_base': '/home/vishwas/ros2_ws/install/yolo_subscriber', 'merge_install': False, 'path': '/home/vishwas/ros2_ws/src/yolo_subscriber', 'symlink_install': False, 'test_result_base': None}
[0.199s] INFO:colcon.colcon_core.executor:Executing jobs using 'parallel' executor
[0.200s] DEBUG:colcon.colcon_parallel_executor.executor.parallel:run_until_complete
[0.200s] INFO:colcon.colcon_ros.task.ament_python.build:Building ROS package in '/home/vishwas/ros2_ws/src/webcam_publisher' with build type 'ament_python'
[0.200s] Level 1:colcon.colcon_core.shell:create_environment_hook('webcam_publisher', 'ament_prefix_path')
[0.201s] INFO:colcon.colcon_core.plugin_system:Skipping extension 'colcon_core.shell.bat': Not used on non-Windows systems
[0.201s] INFO:colcon.colcon_core.shell:Creating environment hook '/home/vishwas/ros2_ws/install/webcam_publisher/share/webcam_publisher/hook/ament_prefix_path.ps1'
[0.202s] INFO:colcon.colcon_core.shell:Creating environment descriptor '/home/vishwas/ros2_ws/install/webcam_publisher/share/webcam_publisher/hook/ament_prefix_path.dsv'
[0.202s] INFO:colcon.colcon_core.shell:Creating environment hook '/home/vishwas/ros2_ws/install/webcam_publisher/share/webcam_publisher/hook/ament_prefix_path.sh'
[0.202s] INFO:colcon.colcon_core.shell:Skip shell extension 'powershell' for command environment: Not usable outside of PowerShell
[0.202s] DEBUG:colcon.colcon_core.shell:Skip shell extension 'dsv' for command environment
[0.204s] INFO:colcon.colcon_ros.task.ament_python.build:Building ROS package in '/home/vishwas/ros2_ws/src/yolo_subscriber' with build type 'ament_python'
[0.204s] Level 1:colcon.colcon_core.shell:create_environment_hook('yolo_subscriber', 'ament_prefix_path')
[0.205s] INFO:colcon.colcon_core.shell:Creating environment hook '/home/vishwas/ros2_ws/install/yolo_subscriber/share/yolo_subscriber/hook/ament_prefix_path.ps1'
[0.205s] INFO:colcon.colcon_core.shell:Creating environment descriptor '/home/vishwas/ros2_ws/install/yolo_subscriber/share/yolo_subscriber/hook/ament_prefix_path.dsv'
[0.205s] INFO:colcon.colcon_core.shell:Creating environment hook '/home/vishwas/ros2_ws/install/yolo_subscriber/share/yolo_subscriber/hook/ament_prefix_path.sh'
[0.206s] INFO:colcon.colcon_core.shell:Skip shell extension 'powershell' for command environment: Not usable outside of PowerShell
[0.206s] DEBUG:colcon.colcon_core.shell:Skip shell extension 'dsv' for command environment
[0.343s] INFO:colcon.colcon_core.task.python.build:Building Python package in '/home/vishwas/ros2_ws/src/webcam_publisher'
[0.344s] INFO:colcon.colcon_core.shell:Skip shell extension 'powershell' for command environment: Not usable outside of PowerShell
[0.344s] DEBUG:colcon.colcon_core.shell:Skip shell extension 'dsv' for command environment
[0.480s] INFO:colcon.colcon_core.task.python.build:Building Python package in '/home/vishwas/ros2_ws/src/yolo_subscriber'
[0.480s] INFO:colcon.colcon_core.shell:Skip shell extension 'powershell' for command environment: Not usable outside of PowerShell
[0.480s] DEBUG:colcon.colcon_core.shell:Skip shell extension 'dsv' for command environment
[0.664s] DEBUG:colcon.colcon_core.event_handler.log_command:Invoking command in '/home/vishwas/ros2_ws/src/webcam_publisher': PYTHONPATH=/home/vishwas/ros2_ws/build/webcam_publisher/prefix_override:/usr/lib/python3/dist-packages/colcon_core/task/python/colcon_distutils_commands:/home/vishwas/ros2_ws/install/webcam_publisher/lib/python3.10/site-packages:${PYTHONPATH} /usr/bin/python3 -W ignore:setup.py install is deprecated -W ignore:easy_install command is deprecated setup.py egg_info --egg-base ../../build/webcam_publisher build --build-base /home/vishwas/ros2_ws/build/webcam_publisher/build install --record /home/vishwas/ros2_ws/build/webcam_publisher/install.log --single-version-externally-managed install_data
[0.669s] DEBUG:colcon.colcon_core.event_handler.log_command:Invoking command in '/home/vishwas/ros2_ws/src/yolo_subscriber': PYTHONPATH=/home/vishwas/ros2_ws/build/yolo_subscriber/prefix_override:/usr/lib/python3/dist-packages/colcon_core/task/python/colcon_distutils_commands:/home/vishwas/ros2_ws/install/yolo_subscriber/lib/python3.10/site-packages:${PYTHONPATH} /usr/bin/python3 -W ignore:setup.py install is deprecated -W ignore:easy_install command is deprecated setup.py egg_info --egg-base ../../build/yolo_subscriber build --build-base /home/vishwas/ros2_ws/build/yolo_subscriber/build install --record /home/vishwas/ros2_ws/build/yolo_subscriber/install.log --single-version-externally-managed install_data
[0.823s] DEBUG:colcon.colcon_core.event_handler.log_command:Invoked command in '/home/vishwas/ros2_ws/src/webcam_publisher' returned '0': PYTHONPATH=/home/vishwas/ros2_ws/build/webcam_publisher/prefix_override:/usr/lib/python3/dist-packages/colcon_core/task/python/colcon_distutils_commands:/home/vishwas/ros2_ws/install/webcam_publisher/lib/python3.10/site-packages:${PYTHONPATH} /usr/bin/python3 -W ignore:setup.py install is deprecated -W ignore:easy_install command is deprecated setup.py egg_info --egg-base ../../build/webcam_publisher build --build-base /home/vishwas/ros2_ws/build/webcam_publisher/build install --record /home/vishwas/ros2_ws/build/webcam_publisher/install.log --single-version-externally-managed install_data
[0.824s] Level 1:colcon.colcon_core.environment:checking '/home/vishwas/ros2_ws/install/webcam_publisher' for CMake module files
[0.824s] Level 1:colcon.colcon_core.environment:checking '/home/vishwas/ros2_ws/install/webcam_publisher' for CMake config files
[0.824s] Level 1:colcon.colcon_core.environment:checking '/home/vishwas/ros2_ws/install/webcam_publisher/lib'
[0.824s] Level 1:colcon.colcon_core.environment:checking '/home/vishwas/ros2_ws/install/webcam_publisher/bin'
[0.824s] Level 1:colcon.colcon_core.environment:checking '/home/vishwas/ros2_ws/install/webcam_publisher/lib/pkgconfig/webcam_publisher.pc'
[0.825s] Level 1:colcon.colcon_core.environment:checking '/home/vishwas/ros2_ws/install/webcam_publisher/lib/python3.10/site-packages'
[0.825s] Level 1:colcon.colcon_core.shell:create_environment_hook('webcam_publisher', 'pythonpath')
[0.825s] INFO:colcon.colcon_core.shell:Creating environment hook '/home/vishwas/ros2_ws/install/webcam_publisher/share/webcam_publisher/hook/pythonpath.ps1'
[0.825s] INFO:colcon.colcon_core.shell:Creating environment descriptor '/home/vishwas/ros2_ws/install/webcam_publisher/share/webcam_publisher/hook/pythonpath.dsv'
[0.825s] INFO:colcon.colcon_core.shell:Creating environment hook '/home/vishwas/ros2_ws/install/webcam_publisher/share/webcam_publisher/hook/pythonpath.sh'
[0.826s] Level 1:colcon.colcon_core.environment:checking '/home/vishwas/ros2_ws/install/webcam_publisher/bin'
[0.826s] Level 1:colcon.colcon_core.environment:create_environment_scripts_only(webcam_publisher)
[0.826s] INFO:colcon.colcon_core.shell:Creating package script '/home/vishwas/ros2_ws/install/webcam_publisher/share/webcam_publisher/package.ps1'
[0.826s] INFO:colcon.colcon_core.shell:Creating package descriptor '/home/vishwas/ros2_ws/install/webcam_publisher/share/webcam_publisher/package.dsv'
[0.827s] INFO:colcon.colcon_core.shell:Creating package script '/home/vishwas/ros2_ws/install/webcam_publisher/share/webcam_publisher/package.sh'
[0.827s] INFO:colcon.colcon_core.shell:Creating package script '/home/vishwas/ros2_ws/install/webcam_publisher/share/webcam_publisher/package.bash'
[0.827s] INFO:colcon.colcon_core.shell:Creating package script '/home/vishwas/ros2_ws/install/webcam_publisher/share/webcam_publisher/package.zsh'
[0.828s] Level 1:colcon.colcon_core.environment:create_file_with_runtime_dependencies(/home/vishwas/ros2_ws/install/webcam_publisher/share/colcon-core/packages/webcam_publisher)
[0.829s] Level 1:colcon.colcon_core.environment:checking '/home/vishwas/ros2_ws/install/yolo_subscriber' for CMake module files
[0.830s] DEBUG:colcon.colcon_core.event_handler.log_command:Invoked command in '/home/vishwas/ros2_ws/src/yolo_subscriber' returned '0': PYTHONPATH=/home/vishwas/ros2_ws/build/yolo_subscriber/prefix_override:/usr/lib/python3/dist-packages/colcon_core/task/python/colcon_distutils_commands:/home/vishwas/ros2_ws/install/yolo_subscriber/lib/python3.10/site-packages:${PYTHONPATH} /usr/bin/python3 -W ignore:setup.py install is deprecated -W ignore:easy_install command is deprecated setup.py egg_info --egg-base ../../build/yolo_subscriber build --build-base /home/vishwas/ros2_ws/build/yolo_subscriber/build install --record /home/vishwas/ros2_ws/build/yolo_subscriber/install.log --single-version-externally-managed install_data
[0.830s] Level 1:colcon.colcon_core.environment:checking '/home/vishwas/ros2_ws/install/yolo_subscriber' for CMake config files
[0.830s] Level 1:colcon.colcon_core.environment:checking '/home/vishwas/ros2_ws/install/yolo_subscriber/lib'
[0.830s] Level 1:colcon.colcon_core.environment:checking '/home/vishwas/ros2_ws/install/yolo_subscriber/bin'
[0.830s] Level 1:colcon.colcon_core.environment:checking '/home/vishwas/ros2_ws/install/yolo_subscriber/lib/pkgconfig/yolo_subscriber.pc'
[0.831s] Level 1:colcon.colcon_core.environment:checking '/home/vishwas/ros2_ws/install/yolo_subscriber/lib/python3.10/site-packages'
[0.831s] Level 1:colcon.colcon_core.shell:create_environment_hook('yolo_subscriber', 'pythonpath')
[0.831s] INFO:colcon.colcon_core.shell:Creating environment hook '/home/vishwas/ros2_ws/install/yolo_subscriber/share/yolo_subscriber/hook/pythonpath.ps1'
[0.831s] INFO:colcon.colcon_core.shell:Creating environment descriptor '/home/vishwas/ros2_ws/install/yolo_subscriber/share/yolo_subscriber/hook/pythonpath.dsv'
[0.832s] INFO:colcon.colcon_core.shell:Creating environment hook '/home/vishwas/ros2_ws/install/yolo_subscriber/share/yolo_subscriber/hook/pythonpath.sh'
[0.832s] Level 1:colcon.colcon_core.environment:checking '/home/vishwas/ros2_ws/install/yolo_subscriber/bin'
[0.832s] Level 1:colcon.colcon_core.environment:create_environment_scripts_only(yolo_subscriber)
[0.832s] INFO:colcon.colcon_core.shell:Creating package script '/home/vishwas/ros2_ws/install/yolo_subscriber/share/yolo_subscriber/package.ps1'
[0.833s] INFO:colcon.colcon_core.shell:Creating package descriptor '/home/vishwas/ros2_ws/install/yolo_subscriber/share/yolo_subscriber/package.dsv'
[0.833s] INFO:colcon.colcon_core.shell:Creating package script '/home/vishwas/ros2_ws/install/yolo_subscriber/share/yolo_subscriber/package.sh'
[0.834s] INFO:colcon.colcon_core.shell:Creating package script '/home/vishwas/ros2_ws/install/yolo_subscriber/share/yolo_subscriber/package.bash'
[0.834s] INFO:colcon.colcon_core.shell:Creating package script '/home/vishwas/ros2_ws/install/yolo_subscriber/share/yolo_subscriber/package.zsh'
[0.834s] Level 1:colcon.colcon_core.environment:create_file_with_runtime_dependencies(/home/vishwas/ros2_ws/install/yolo_subscriber/share/colcon-core/packages/yolo_subscriber)
[0.834s] DEBUG:colcon.colcon_parallel_executor.executor.parallel:closing loop
[0.835s] DEBUG:colcon.colcon_parallel_executor.executor.parallel:loop closed
[0.835s] DEBUG:colcon.colcon_parallel_executor.executor.parallel:run_until_complete finished with '0'
[0.835s] DEBUG:colcon.colcon_core.event_reactor:joining thread
[0.838s] INFO:colcon.colcon_core.plugin_system:Skipping extension 'colcon_notification.desktop_notification.terminal_notifier': Not used on non-Darwin systems
[0.838s] INFO:colcon.colcon_core.plugin_system:Skipping extension 'colcon_notification.desktop_notification.win32': Not used on non-Windows systems
[0.838s] INFO:colcon.colcon_notification.desktop_notification:Sending desktop notification using 'notify2'
[0.850s] DEBUG:colcon.colcon_core.event_reactor:joined thread
[0.850s] INFO:colcon.colcon_core.shell:Creating prefix script '/home/vishwas/ros2_ws/install/local_setup.ps1'
[0.851s] INFO:colcon.colcon_core.shell:Creating prefix util module '/home/vishwas/ros2_ws/install/_local_setup_util_ps1.py'
[0.853s] INFO:colcon.colcon_core.shell:Creating prefix chain script '/home/vishwas/ros2_ws/install/setup.ps1'
[0.853s] INFO:colcon.colcon_core.shell:Creating prefix script '/home/vishwas/ros2_ws/install/local_setup.sh'
[0.853s] INFO:colcon.colcon_core.shell:Creating prefix util module '/home/vishwas/ros2_ws/install/_local_setup_util_sh.py'
[0.854s] INFO:colcon.colcon_core.shell:Creating prefix chain script '/home/vishwas/ros2_ws/install/setup.sh'
[0.854s] INFO:colcon.colcon_core.shell:Creating prefix script '/home/vishwas/ros2_ws/install/local_setup.bash'
[0.855s] INFO:colcon.colcon_core.shell:Creating prefix chain script '/home/vishwas/ros2_ws/install/setup.bash'
[0.855s] INFO:colcon.colcon_core.shell:Creating prefix script '/home/vishwas/ros2_ws/install/local_setup.zsh'
[0.855s] INFO:colcon.colcon_core.shell:Creating prefix chain script '/home/vishwas/ros2_ws/install/setup.zsh'
