[0.516s] Invoking command in '/home/vishwas/ros2_ws/src/webcam_publisher': PYTHONPATH=/home/vishwas/ros2_ws/build/webcam_publisher/prefix_override:/usr/lib/python3/dist-packages/colcon_core/task/python/colcon_distutils_commands:/home/vishwas/ros2_ws/install/webcam_publisher/lib/python3.10/site-packages:${PYTHONPATH} /usr/bin/python3 -W ignore:setup.py install is deprecated -W ignore:easy_install command is deprecated setup.py egg_info --egg-base ../../build/webcam_publisher build --build-base /home/vishwas/ros2_ws/build/webcam_publisher/build install --record /home/vishwas/ros2_ws/build/webcam_publisher/install.log --single-version-externally-managed install_data
[0.648s] running egg_info
[0.649s] writing ../../build/webcam_publisher/webcam_publisher.egg-info/PKG-INFO
[0.649s] writing dependency_links to ../../build/webcam_publisher/webcam_publisher.egg-info/dependency_links.txt
[0.649s] writing entry points to ../../build/webcam_publisher/webcam_publisher.egg-info/entry_points.txt
[0.649s] writing requirements to ../../build/webcam_publisher/webcam_publisher.egg-info/requires.txt
[0.649s] writing top-level names to ../../build/webcam_publisher/webcam_publisher.egg-info/top_level.txt
[0.650s] reading manifest file '../../build/webcam_publisher/webcam_publisher.egg-info/SOURCES.txt'
[0.658s] writing manifest file '../../build/webcam_publisher/webcam_publisher.egg-info/SOURCES.txt'
[0.658s] running build
[0.659s] running build_py
[0.659s] running install
[0.659s] running install_lib
[0.660s] running install_data
[0.660s] running install_egg_info
[0.660s] removing '/home/vishwas/ros2_ws/install/webcam_publisher/lib/python3.10/site-packages/webcam_publisher-0.0.0-py3.10.egg-info' (and everything under it)
[0.661s] Copying ../../build/webcam_publisher/webcam_publisher.egg-info to /home/vishwas/ros2_ws/install/webcam_publisher/lib/python3.10/site-packages/webcam_publisher-0.0.0-py3.10.egg-info
[0.661s] running install_scripts
[0.674s] Installing publisher script to /home/vishwas/ros2_ws/install/webcam_publisher/lib/webcam_publisher
[0.674s] writing list of installed files to '/home/vishwas/ros2_ws/build/webcam_publisher/install.log'
[0.688s] Invoked command in '/home/vishwas/ros2_ws/src/webcam_publisher' returned '0': PYTHONPATH=/home/vishwas/ros2_ws/build/webcam_publisher/prefix_override:/usr/lib/python3/dist-packages/colcon_core/task/python/colcon_distutils_commands:/home/vishwas/ros2_ws/install/webcam_publisher/lib/python3.10/site-packages:${PYTHONPATH} /usr/bin/python3 -W ignore:setup.py install is deprecated -W ignore:easy_install command is deprecated setup.py egg_info --egg-base ../../build/webcam_publisher build --build-base /home/vishwas/ros2_ws/build/webcam_publisher/build install --record /home/vishwas/ros2_ws/build/webcam_publisher/install.log --single-version-externally-managed install_data
